#! /opt/local/bin/vvp
:ivl_version "10.1 (stable)" "(v10_1_1)";
:ivl_delay_selection "TYPICAL";
:vpi_time_precision - 10;
:vpi_module "system";
:vpi_module "vhdl_sys";
:vpi_module "v2005_math";
:vpi_module "va_math";
S_0x7f896fc297b0 .scope module, "sos_detector_tb" "sos_detector_tb" 2 7;
 .timescale -9 -10;
v0x7f896fc494e0_0 .net "SOS_DATA", 7 0, v0x7f896fc48cf0_0;  1 drivers
v0x7f896fc49590_0 .net "clkB", 0 0, L_0x7f896fc4a2f0;  1 drivers
v0x7f896fc49640_0 .net "clkC", 0 0, L_0x7f896fc4a410;  1 drivers
v0x7f896fc49710_0 .net "clkk", 0 0, L_0x7f896fc4a210;  1 drivers
v0x7f896fc497c0_0 .var/i "clock", 31 0;
v0x7f896fc49890_0 .var/i "clockB", 31 0;
v0x7f896fc49920_0 .net "data_in", 0 0, v0x7f896fc483b0_0;  1 drivers
v0x7f896fc499f0_0 .var/i "k", 31 0;
v0x7f896fc49a80_0 .net "outPut", 1 0, v0x7f896fc49270_0;  1 drivers
v0x7f896fc49b90_0 .net "ready", 0 0, v0x7f896fc493d0_0;  1 drivers
L_0x7f896fc4a210 .part v0x7f896fc497c0_0, 0, 1;
L_0x7f896fc4a2f0 .part v0x7f896fc497c0_0, 0, 1;
L_0x7f896fc4a410 .part v0x7f896fc497c0_0, 0, 1;
S_0x7f896fc0a480 .scope module, "driver_test" "sos_driver_test" 2 32, 3 1 0, S_0x7f896fc297b0;
 .timescale -9 -10;
    .port_info 0 /INPUT 1 "clk"
    .port_info 1 /OUTPUT 1 "dataOut"
v0x7f896fc0a5e0_0 .net "clk", 0 0, L_0x7f896fc4a210;  alias, 1 drivers
v0x7f896fc481c0_0 .var "counter", 4 0;
v0x7f896fc48260_0 .var "counterB", 4 0;
v0x7f896fc48310_0 .var "dashflag", 0 0;
v0x7f896fc483b0_0 .var "dataOut", 0 0;
v0x7f896fc48490_0 .var "dotflag", 0 0;
v0x7f896fc48530_0 .var "startCounterB", 0 0;
v0x7f896fc485d0_0 .var "state", 3 0;
E_0x7f896fc26490 .event posedge, v0x7f896fc0a5e0_0;
S_0x7f896fc486b0 .scope module, "sos_circuit" "sos_detector" 2 35, 4 2 0, S_0x7f896fc297b0;
 .timescale -9 -10;
    .port_info 0 /INPUT 1 "clk"
    .port_info 1 /INPUT 1 "readySignal"
    .port_info 2 /INPUT 2 "dataIn"
    .port_info 3 /OUTPUT 8 "sosOutput"
v0x7f896fc48940_0 .net "clk", 0 0, L_0x7f896fc4a410;  alias, 1 drivers
v0x7f896fc489f0_0 .var "counterA", 1 0;
v0x7f896fc48aa0_0 .net "dataIn", 1 0, v0x7f896fc49270_0;  alias, 1 drivers
v0x7f896fc48b60_0 .var "initialize", 1 0;
v0x7f896fc48c10_0 .net "readySignal", 0 0, v0x7f896fc493d0_0;  alias, 1 drivers
v0x7f896fc48cf0_0 .var "sosOutput", 7 0;
v0x7f896fc48da0_0 .var "state", 4 0;
E_0x7f896fc488c0 .event posedge, v0x7f896fc48940_0;
E_0x7f896fc48900/0 .event negedge, v0x7f896fc48940_0;
E_0x7f896fc48900/1 .event posedge, v0x7f896fc48c10_0;
E_0x7f896fc48900 .event/or E_0x7f896fc48900/0, E_0x7f896fc48900/1;
S_0x7f896fc48e90 .scope module, "the_circuit" "dash_dot" 2 34, 5 1 0, S_0x7f896fc297b0;
 .timescale -9 -10;
    .port_info 0 /INPUT 1 "clk"
    .port_info 1 /INPUT 1 "dataIn"
    .port_info 2 /OUTPUT 1 "valueReady"
    .port_info 3 /OUTPUT 2 "dataOut"
v0x7f896fc49100_0 .net "clk", 0 0, L_0x7f896fc4a2f0;  alias, 1 drivers
v0x7f896fc491b0_0 .net "dataIn", 0 0, v0x7f896fc483b0_0;  alias, 1 drivers
v0x7f896fc49270_0 .var "dataOut", 1 0;
v0x7f896fc49340_0 .var "state", 3 0;
v0x7f896fc493d0_0 .var "valueReady", 0 0;
E_0x7f896fc490c0 .event posedge, v0x7f896fc49100_0;
S_0x7f896fc29490 .scope module, "sos_driver" "sos_driver" 6 1;
 .timescale -9 -10;
    .port_info 0 /INPUT 1 "clk"
    .port_info 1 /OUTPUT 1 "dataOut"
o0x1007405a8 .functor BUFZ 1, C4<z>; HiZ drive
v0x7f896fc49c90_0 .net "clk", 0 0, o0x1007405a8;  0 drivers
v0x7f896fc49d20_0 .var "counter", 4 0;
v0x7f896fc49dc0_0 .var "counterB", 4 0;
v0x7f896fc49e70_0 .var "dashflag", 0 0;
v0x7f896fc49f10_0 .var "dataOut", 0 0;
v0x7f896fc49ff0_0 .var "dotflag", 0 0;
v0x7f896fc4a090_0 .var "startCounterB", 0 0;
v0x7f896fc4a130_0 .var "state", 3 0;
E_0x7f896fc49c60 .event posedge, v0x7f896fc49c90_0;
    .scope S_0x7f896fc0a480;
T_0 ;
    %wait E_0x7f896fc26490;
    %load/vec4 v0x7f896fc481c0_0;
    %addi 1, 0, 5;
    %assign/vec4 v0x7f896fc481c0_0, 0;
    %load/vec4 v0x7f896fc481c0_0;
    %cmpi/e 5, 0, 5;
    %jmp/0xz  T_0.0, 4;
    %pushi/vec4 1, 0, 1;
    %assign/vec4 v0x7f896fc48490_0, 0;
    %pushi/vec4 0, 0, 5;
    %assign/vec4 v0x7f896fc481c0_0, 0;
T_0.0 ;
    %load/vec4 v0x7f896fc48530_0;
    %cmpi/e 1, 0, 1;
    %jmp/0xz  T_0.2, 4;
    %load/vec4 v0x7f896fc48260_0;
    %addi 1, 0, 5;
    %assign/vec4 v0x7f896fc48260_0, 0;
T_0.2 ;
    %load/vec4 v0x7f896fc48260_0;
    %cmpi/e 14, 0, 5;
    %jmp/0xz  T_0.4, 4;
    %pushi/vec4 1, 0, 1;
    %assign/vec4 v0x7f896fc48310_0, 0;
    %pushi/vec4 0, 0, 5;
    %assign/vec4 v0x7f896fc48260_0, 0;
T_0.4 ;
    %load/vec4 v0x7f896fc485d0_0;
    %dup/vec4;
    %pushi/vec4 0, 0, 4;
    %cmp/u;
    %jmp/1 T_0.6, 6;
    %dup/vec4;
    %pushi/vec4 1, 0, 4;
    %cmp/u;
    %jmp/1 T_0.7, 6;
    %dup/vec4;
    %pushi/vec4 2, 0, 4;
    %cmp/u;
    %jmp/1 T_0.8, 6;
    %dup/vec4;
    %pushi/vec4 3, 0, 4;
    %cmp/u;
    %jmp/1 T_0.9, 6;
    %dup/vec4;
    %pushi/vec4 4, 0, 4;
    %cmp/u;
    %jmp/1 T_0.10, 6;
    %dup/vec4;
    %pushi/vec4 5, 0, 4;
    %cmp/u;
    %jmp/1 T_0.11, 6;
    %dup/vec4;
    %pushi/vec4 6, 0, 4;
    %cmp/u;
    %jmp/1 T_0.12, 6;
    %dup/vec4;
    %pushi/vec4 7, 0, 4;
    %cmp/u;
    %jmp/1 T_0.13, 6;
    %pushi/vec4 0, 0, 4;
    %assign/vec4 v0x7f896fc485d0_0, 0;
    %pushi/vec4 0, 0, 1;
    %assign/vec4 v0x7f896fc48490_0, 0;
    %pushi/vec4 0, 0, 1;
    %assign/vec4 v0x7f896fc48310_0, 0;
    %pushi/vec4 0, 0, 5;
    %assign/vec4 v0x7f896fc481c0_0, 0;
    %pushi/vec4 0, 0, 5;
    %assign/vec4 v0x7f896fc48260_0, 0;
    %pushi/vec4 0, 0, 1;
    %assign/vec4 v0x7f896fc48530_0, 0;
    %jmp T_0.15;
T_0.6 ;
    %pushi/vec4 0, 0, 1;
    %assign/vec4 v0x7f896fc483b0_0, 0;
    %load/vec4 v0x7f896fc48490_0;
    %cmpi/e 0, 0, 1;
    %jmp/0xz  T_0.16, 4;
    %pushi/vec4 1, 0, 4;
    %assign/vec4 v0x7f896fc485d0_0, 0;
    %jmp T_0.17;
T_0.16 ;
    %pushi/vec4 3, 0, 4;
    %assign/vec4 v0x7f896fc485d0_0, 0;
T_0.17 ;
    %jmp T_0.15;
T_0.7 ;
    %pushi/vec4 1, 0, 1;
    %assign/vec4 v0x7f896fc483b0_0, 0;
    %load/vec4 v0x7f896fc48490_0;
    %cmpi/e 0, 0, 1;
    %jmp/0xz  T_0.18, 4;
    %pushi/vec4 0, 0, 4;
    %assign/vec4 v0x7f896fc485d0_0, 0;
    %jmp T_0.19;
T_0.18 ;
    %load/vec4 v0x7f896fc48310_0;
    %cmpi/e 0, 0, 1;
    %jmp/0xz  T_0.20, 4;
    %pushi/vec4 5, 0, 4;
    %assign/vec4 v0x7f896fc485d0_0, 0;
    %pushi/vec4 0, 0, 5;
    %assign/vec4 v0x7f896fc481c0_0, 0;
    %pushi/vec4 1, 0, 1;
    %assign/vec4 v0x7f896fc48530_0, 0;
T_0.20 ;
T_0.19 ;
    %jmp T_0.15;
T_0.8 ;
    %pushi/vec4 0, 0, 1;
    %assign/vec4 v0x7f896fc483b0_0, 0;
    %pushi/vec4 0, 0, 4;
    %assign/vec4 v0x7f896fc485d0_0, 0;
    %jmp T_0.15;
T_0.9 ;
    %pushi/vec4 0, 0, 1;
    %assign/vec4 v0x7f896fc483b0_0, 0;
    %pushi/vec4 4, 0, 4;
    %assign/vec4 v0x7f896fc485d0_0, 0;
    %pushi/vec4 0, 0, 1;
    %assign/vec4 v0x7f896fc48310_0, 0;
    %jmp T_0.15;
T_0.10 ;
    %pushi/vec4 0, 0, 1;
    %assign/vec4 v0x7f896fc483b0_0, 0;
    %load/vec4 v0x7f896fc48310_0;
    %cmpi/e 0, 0, 1;
    %jmp/0xz  T_0.22, 4;
    %pushi/vec4 1, 0, 4;
    %assign/vec4 v0x7f896fc485d0_0, 0;
    %jmp T_0.23;
T_0.22 ;
    %pushi/vec4 0, 0, 4;
    %assign/vec4 v0x7f896fc485d0_0, 0;
    %pushi/vec4 0, 0, 1;
    %assign/vec4 v0x7f896fc48490_0, 0;
T_0.23 ;
    %jmp T_0.15;
T_0.11 ;
    %pushi/vec4 1, 0, 1;
    %assign/vec4 v0x7f896fc483b0_0, 0;
    %pushi/vec4 6, 0, 4;
    %assign/vec4 v0x7f896fc485d0_0, 0;
    %jmp T_0.15;
T_0.12 ;
    %pushi/vec4 1, 0, 1;
    %assign/vec4 v0x7f896fc483b0_0, 0;
    %pushi/vec4 7, 0, 4;
    %assign/vec4 v0x7f896fc485d0_0, 0;
    %jmp T_0.15;
T_0.13 ;
    %pushi/vec4 0, 0, 1;
    %assign/vec4 v0x7f896fc483b0_0, 0;
    %load/vec4 v0x7f896fc48310_0;
    %cmpi/e 0, 0, 1;
    %jmp/0xz  T_0.24, 4;
    %pushi/vec4 1, 0, 4;
    %assign/vec4 v0x7f896fc485d0_0, 0;
    %jmp T_0.25;
T_0.24 ;
    %pushi/vec4 4, 0, 4;
    %assign/vec4 v0x7f896fc485d0_0, 0;
    %pushi/vec4 0, 0, 1;
    %assign/vec4 v0x7f896fc48530_0, 0;
    %pushi/vec4 5, 0, 5;
    %assign/vec4 v0x7f896fc481c0_0, 0;
T_0.25 ;
    %jmp T_0.15;
T_0.15 ;
    %pop/vec4 1;
    %jmp T_0;
    .thread T_0;
    .scope S_0x7f896fc48e90;
T_1 ;
    %wait E_0x7f896fc490c0;
    %load/vec4 v0x7f896fc49340_0;
    %dup/vec4;
    %pushi/vec4 0, 0, 4;
    %cmp/u;
    %jmp/1 T_1.0, 6;
    %dup/vec4;
    %pushi/vec4 1, 0, 4;
    %cmp/u;
    %jmp/1 T_1.1, 6;
    %dup/vec4;
    %pushi/vec4 2, 0, 4;
    %cmp/u;
    %jmp/1 T_1.2, 6;
    %dup/vec4;
    %pushi/vec4 3, 0, 4;
    %cmp/u;
    %jmp/1 T_1.3, 6;
    %dup/vec4;
    %pushi/vec4 4, 0, 4;
    %cmp/u;
    %jmp/1 T_1.4, 6;
    %dup/vec4;
    %pushi/vec4 5, 0, 4;
    %cmp/u;
    %jmp/1 T_1.5, 6;
    %dup/vec4;
    %pushi/vec4 6, 0, 4;
    %cmp/u;
    %jmp/1 T_1.6, 6;
    %dup/vec4;
    %pushi/vec4 7, 0, 4;
    %cmp/u;
    %jmp/1 T_1.7, 6;
    %dup/vec4;
    %pushi/vec4 8, 0, 4;
    %cmp/u;
    %jmp/1 T_1.8, 6;
    %pushi/vec4 0, 0, 4;
    %assign/vec4 v0x7f896fc49340_0, 0;
    %pushi/vec4 0, 0, 1;
    %assign/vec4 v0x7f896fc493d0_0, 0;
    %pushi/vec4 1, 0, 2;
    %assign/vec4 v0x7f896fc49270_0, 0;
    %jmp T_1.10;
T_1.0 ;
    %pushi/vec4 0, 0, 1;
    %assign/vec4 v0x7f896fc493d0_0, 0;
    %load/vec4 v0x7f896fc491b0_0;
    %cmpi/e 1, 0, 1;
    %jmp/0xz  T_1.11, 4;
    %pushi/vec4 3, 0, 4;
    %assign/vec4 v0x7f896fc49340_0, 0;
    %jmp T_1.12;
T_1.11 ;
    %load/vec4 v0x7f896fc491b0_0;
    %cmpi/e 0, 0, 1;
    %jmp/0xz  T_1.13, 4;
    %pushi/vec4 2, 0, 4;
    %assign/vec4 v0x7f896fc49340_0, 0;
T_1.13 ;
T_1.12 ;
    %jmp T_1.10;
T_1.1 ;
    %pushi/vec4 0, 0, 1;
    %assign/vec4 v0x7f896fc493d0_0, 0;
    %load/vec4 v0x7f896fc491b0_0;
    %cmpi/e 1, 0, 1;
    %jmp/0xz  T_1.15, 4;
    %pushi/vec4 5, 0, 4;
    %assign/vec4 v0x7f896fc49340_0, 0;
    %jmp T_1.16;
T_1.15 ;
    %load/vec4 v0x7f896fc491b0_0;
    %cmpi/e 0, 0, 1;
    %jmp/0xz  T_1.17, 4;
    %pushi/vec4 7, 0, 4;
    %assign/vec4 v0x7f896fc49340_0, 0;
T_1.17 ;
T_1.16 ;
    %jmp T_1.10;
T_1.2 ;
    %pushi/vec4 0, 0, 1;
    %assign/vec4 v0x7f896fc493d0_0, 0;
    %load/vec4 v0x7f896fc491b0_0;
    %cmpi/e 1, 0, 1;
    %jmp/0xz  T_1.19, 4;
    %pushi/vec4 3, 0, 4;
    %assign/vec4 v0x7f896fc49340_0, 0;
    %jmp T_1.20;
T_1.19 ;
    %load/vec4 v0x7f896fc491b0_0;
    %cmpi/e 0, 0, 1;
    %jmp/0xz  T_1.21, 4;
    %pushi/vec4 4, 0, 4;
    %assign/vec4 v0x7f896fc49340_0, 0;
T_1.21 ;
T_1.20 ;
    %jmp T_1.10;
T_1.3 ;
    %load/vec4 v0x7f896fc491b0_0;
    %cmpi/e 1, 0, 1;
    %jmp/0xz  T_1.23, 4;
    %pushi/vec4 0, 0, 1;
    %assign/vec4 v0x7f896fc493d0_0, 0;
    %pushi/vec4 2, 0, 4;
    %assign/vec4 v0x7f896fc49340_0, 0;
    %jmp T_1.24;
T_1.23 ;
    %load/vec4 v0x7f896fc491b0_0;
    %cmpi/e 0, 0, 1;
    %jmp/0xz  T_1.25, 4;
    %pushi/vec4 0, 0, 4;
    %assign/vec4 v0x7f896fc49340_0, 0;
    %pushi/vec4 1, 0, 1;
    %assign/vec4 v0x7f896fc493d0_0, 0;
    %pushi/vec4 0, 0, 2;
    %assign/vec4 v0x7f896fc49270_0, 0;
T_1.25 ;
T_1.24 ;
    %jmp T_1.10;
T_1.4 ;
    %pushi/vec4 1, 0, 1;
    %assign/vec4 v0x7f896fc493d0_0, 0;
    %pushi/vec4 2, 0, 2;
    %assign/vec4 v0x7f896fc49270_0, 0;
    %load/vec4 v0x7f896fc491b0_0;
    %cmpi/e 1, 0, 1;
    %jmp/0xz  T_1.27, 4;
    %pushi/vec4 1, 0, 4;
    %assign/vec4 v0x7f896fc49340_0, 0;
    %jmp T_1.28;
T_1.27 ;
    %load/vec4 v0x7f896fc491b0_0;
    %cmpi/e 0, 0, 1;
    %jmp/0xz  T_1.29, 4;
    %pushi/vec4 0, 0, 4;
    %assign/vec4 v0x7f896fc49340_0, 0;
T_1.29 ;
T_1.28 ;
    %jmp T_1.10;
T_1.5 ;
    %load/vec4 v0x7f896fc491b0_0;
    %cmpi/e 1, 0, 1;
    %jmp/0xz  T_1.31, 4;
    %pushi/vec4 6, 0, 4;
    %assign/vec4 v0x7f896fc49340_0, 0;
    %jmp T_1.32;
T_1.31 ;
    %load/vec4 v0x7f896fc491b0_0;
    %cmpi/e 0, 0, 1;
    %jmp/0xz  T_1.33, 4;
    %pushi/vec4 0, 0, 4;
    %assign/vec4 v0x7f896fc49340_0, 0;
T_1.33 ;
T_1.32 ;
    %jmp T_1.10;
T_1.6 ;
    %pushi/vec4 1, 0, 4;
    %assign/vec4 v0x7f896fc49340_0, 0;
    %pushi/vec4 1, 0, 1;
    %assign/vec4 v0x7f896fc493d0_0, 0;
    %pushi/vec4 3, 0, 2;
    %assign/vec4 v0x7f896fc49270_0, 0;
    %jmp T_1.10;
T_1.7 ;
    %load/vec4 v0x7f896fc491b0_0;
    %cmpi/e 0, 0, 1;
    %jmp/0xz  T_1.35, 4;
    %pushi/vec4 8, 0, 4;
    %assign/vec4 v0x7f896fc49340_0, 0;
    %jmp T_1.36;
T_1.35 ;
    %load/vec4 v0x7f896fc491b0_0;
    %cmpi/e 1, 0, 1;
    %jmp/0xz  T_1.37, 4;
    %pushi/vec4 5, 0, 4;
    %assign/vec4 v0x7f896fc49340_0, 0;
T_1.37 ;
T_1.36 ;
    %jmp T_1.10;
T_1.8 ;
    %load/vec4 v0x7f896fc491b0_0;
    %cmpi/e 0, 0, 1;
    %jmp/0xz  T_1.39, 4;
    %pushi/vec4 2, 0, 4;
    %assign/vec4 v0x7f896fc49340_0, 0;
    %pushi/vec4 1, 0, 1;
    %assign/vec4 v0x7f896fc493d0_0, 0;
    %pushi/vec4 2, 0, 2;
    %assign/vec4 v0x7f896fc49270_0, 0;
T_1.39 ;
    %jmp T_1.10;
T_1.10 ;
    %pop/vec4 1;
    %jmp T_1;
    .thread T_1;
    .scope S_0x7f896fc486b0;
T_2 ;
    %wait E_0x7f896fc48900;
    %load/vec4 v0x7f896fc48940_0;
    %inv;
    %load/vec4 v0x7f896fc48c10_0;
    %and;
    %flag_set/vec4 8;
    %jmp/0xz  T_2.0, 8;
    %pushi/vec4 2, 0, 2;
    %load/vec4 v0x7f896fc489f0_0;
    %cmp/u;
    %flag_or 5, 4;
    %jmp/0xz  T_2.2, 5;
    %pushi/vec4 0, 0, 2;
    %assign/vec4 v0x7f896fc489f0_0, 0;
T_2.2 ;
    %load/vec4 v0x7f896fc48da0_0;
    %dup/vec4;
    %pushi/vec4 0, 0, 5;
    %cmp/u;
    %jmp/1 T_2.4, 6;
    %dup/vec4;
    %pushi/vec4 1, 0, 5;
    %cmp/u;
    %jmp/1 T_2.5, 6;
    %dup/vec4;
    %pushi/vec4 2, 0, 5;
    %cmp/u;
    %jmp/1 T_2.6, 6;
    %dup/vec4;
    %pushi/vec4 3, 0, 5;
    %cmp/u;
    %jmp/1 T_2.7, 6;
    %dup/vec4;
    %pushi/vec4 4, 0, 5;
    %cmp/u;
    %jmp/1 T_2.8, 6;
    %jmp T_2.10;
T_2.4 ;
    %load/vec4 v0x7f896fc48aa0_0;
    %cmpi/e 0, 0, 2;
    %jmp/0xz  T_2.11, 4;
    %load/vec4 v0x7f896fc489f0_0;
    %addi 1, 0, 2;
    %assign/vec4 v0x7f896fc489f0_0, 0;
    %load/vec4 v0x7f896fc489f0_0;
    %cmpi/e 2, 0, 2;
    %jmp/0xz  T_2.13, 4;
    %pushi/vec4 1, 0, 5;
    %assign/vec4 v0x7f896fc48da0_0, 0;
    %pushi/vec4 115, 0, 8;
    %assign/vec4 v0x7f896fc48cf0_0, 0;
    %jmp T_2.14;
T_2.13 ;
    %pushi/vec4 0, 0, 5;
    %assign/vec4 v0x7f896fc48da0_0, 0;
    %pushi/vec4 0, 0, 8;
    %assign/vec4 v0x7f896fc48cf0_0, 0;
T_2.14 ;
T_2.11 ;
    %jmp T_2.10;
T_2.5 ;
    %load/vec4 v0x7f896fc48aa0_0;
    %cmpi/e 2, 0, 2;
    %jmp/0xz  T_2.15, 4;
    %pushi/vec4 2, 0, 5;
    %assign/vec4 v0x7f896fc48da0_0, 0;
    %jmp T_2.16;
T_2.15 ;
    %pushi/vec4 0, 0, 5;
    %assign/vec4 v0x7f896fc48da0_0, 0;
T_2.16 ;
    %jmp T_2.10;
T_2.6 ;
    %load/vec4 v0x7f896fc48aa0_0;
    %cmpi/e 3, 0, 2;
    %jmp/0xz  T_2.17, 4;
    %load/vec4 v0x7f896fc489f0_0;
    %addi 1, 0, 2;
    %assign/vec4 v0x7f896fc489f0_0, 0;
    %load/vec4 v0x7f896fc489f0_0;
    %cmpi/e 2, 0, 2;
    %jmp/0xz  T_2.19, 4;
    %pushi/vec4 3, 0, 5;
    %assign/vec4 v0x7f896fc48da0_0, 0;
    %pushi/vec4 111, 0, 8;
    %assign/vec4 v0x7f896fc48cf0_0, 0;
    %jmp T_2.20;
T_2.19 ;
    %pushi/vec4 2, 0, 5;
    %assign/vec4 v0x7f896fc48da0_0, 0;
T_2.20 ;
T_2.17 ;
    %jmp T_2.10;
T_2.7 ;
    %load/vec4 v0x7f896fc48aa0_0;
    %cmpi/e 2, 0, 2;
    %jmp/0xz  T_2.21, 4;
    %pushi/vec4 4, 0, 5;
    %assign/vec4 v0x7f896fc48da0_0, 0;
    %jmp T_2.22;
T_2.21 ;
    %pushi/vec4 0, 0, 5;
    %assign/vec4 v0x7f896fc48da0_0, 0;
T_2.22 ;
    %jmp T_2.10;
T_2.8 ;
    %load/vec4 v0x7f896fc48aa0_0;
    %cmpi/e 0, 0, 2;
    %jmp/0xz  T_2.23, 4;
    %load/vec4 v0x7f896fc489f0_0;
    %addi 1, 0, 2;
    %assign/vec4 v0x7f896fc489f0_0, 0;
    %load/vec4 v0x7f896fc489f0_0;
    %cmpi/e 2, 0, 2;
    %jmp/0xz  T_2.25, 4;
    %pushi/vec4 0, 0, 5;
    %assign/vec4 v0x7f896fc48da0_0, 0;
    %pushi/vec4 115, 0, 8;
    %assign/vec4 v0x7f896fc48cf0_0, 0;
    %jmp T_2.26;
T_2.25 ;
    %pushi/vec4 4, 0, 5;
    %assign/vec4 v0x7f896fc48da0_0, 0;
T_2.26 ;
T_2.23 ;
    %jmp T_2.10;
T_2.10 ;
    %pop/vec4 1;
T_2.0 ;
    %jmp T_2;
    .thread T_2;
    .scope S_0x7f896fc486b0;
T_3 ;
    %wait E_0x7f896fc488c0;
    %load/vec4 v0x7f896fc48b60_0;
    %dup/vec4;
    %pushi/vec4 0, 0, 2;
    %cmp/u;
    %jmp/1 T_3.0, 6;
    %pushi/vec4 0, 0, 2;
    %assign/vec4 v0x7f896fc489f0_0, 0;
    %pushi/vec4 0, 0, 2;
    %assign/vec4 v0x7f896fc48b60_0, 0;
    %pushi/vec4 0, 0, 8;
    %assign/vec4 v0x7f896fc48cf0_0, 0;
    %pushi/vec4 0, 0, 5;
    %assign/vec4 v0x7f896fc48da0_0, 0;
    %jmp T_3.2;
T_3.0 ;
    %jmp T_3.2;
T_3.2 ;
    %pop/vec4 1;
    %jmp T_3;
    .thread T_3;
    .scope S_0x7f896fc297b0;
T_4 ;
    %pushi/vec4 0, 0, 32;
    %store/vec4 v0x7f896fc497c0_0, 0, 32;
    %end;
    .thread T_4;
    .scope S_0x7f896fc297b0;
T_5 ;
    %pushi/vec4 0, 0, 32;
    %store/vec4 v0x7f896fc49890_0, 0, 32;
    %end;
    .thread T_5;
    .scope S_0x7f896fc297b0;
T_6 ;
    %delay 100, 0;
    %load/vec4 v0x7f896fc497c0_0;
    %inv;
    %store/vec4 v0x7f896fc497c0_0, 0, 32;
    %jmp T_6;
    .thread T_6;
    .scope S_0x7f896fc297b0;
T_7 ;
    %vpi_call 2 42 "$dumpfile", "sos_detector_tb.vcd" {0 0 0};
    %vpi_call 2 43 "$dumpvars", 32'sb00000000000000000000000000000000, S_0x7f896fc297b0 {0 0 0};
    %pushi/vec4 0, 0, 32;
    %store/vec4 v0x7f896fc499f0_0, 0, 32;
T_7.0 ;
    %load/vec4 v0x7f896fc499f0_0;
    %cmpi/s 128, 0, 32;
    %jmp/0xz T_7.1, 5;
    %delay 100, 0;
    %load/vec4 v0x7f896fc49b90_0;
    %pushi/vec4 1, 0, 1;
    %cmp/e;
    %flag_get/vec4 4;
    %load/vec4 v0x7f896fc49a80_0;
    %pushi/vec4 0, 0, 2;
    %cmp/e;
    %flag_get/vec4 4;
    %and;
    %load/vec4 v0x7f896fc497c0_0;
    %pushi/vec4 0, 0, 32;
    %cmp/e;
    %flag_get/vec4 4;
    %and;
    %flag_set/vec4 8;
    %jmp/0xz  T_7.2, 8;
    %vpi_call 2 49 "$display", "Signal = ." {0 0 0};
    %jmp T_7.3;
T_7.2 ;
    %load/vec4 v0x7f896fc49b90_0;
    %pushi/vec4 1, 0, 1;
    %cmp/e;
    %flag_get/vec4 4;
    %load/vec4 v0x7f896fc49a80_0;
    %pushi/vec4 2, 0, 2;
    %cmp/e;
    %flag_get/vec4 4;
    %and;
    %load/vec4 v0x7f896fc497c0_0;
    %pushi/vec4 0, 0, 32;
    %cmp/e;
    %flag_get/vec4 4;
    %and;
    %flag_set/vec4 8;
    %jmp/0xz  T_7.4, 8;
    %vpi_call 2 51 "$display", "Signal = Space" {0 0 0};
    %jmp T_7.5;
T_7.4 ;
    %load/vec4 v0x7f896fc49b90_0;
    %pushi/vec4 1, 0, 1;
    %cmp/e;
    %flag_get/vec4 4;
    %load/vec4 v0x7f896fc49a80_0;
    %pushi/vec4 3, 0, 2;
    %cmp/e;
    %flag_get/vec4 4;
    %and;
    %load/vec4 v0x7f896fc497c0_0;
    %pushi/vec4 0, 0, 32;
    %cmp/e;
    %flag_get/vec4 4;
    %and;
    %flag_set/vec4 8;
    %jmp/0xz  T_7.6, 8;
    %vpi_call 2 53 "$display", "Signal = _" {0 0 0};
T_7.6 ;
T_7.5 ;
T_7.3 ;
    %load/vec4 v0x7f896fc499f0_0;
    %addi 1, 0, 32;
    %store/vec4 v0x7f896fc499f0_0, 0, 32;
    %jmp T_7.0;
T_7.1 ;
    %vpi_call 2 58 "$finish" {0 0 0};
    %end;
    .thread T_7;
    .scope S_0x7f896fc29490;
T_8 ;
    %wait E_0x7f896fc49c60;
    %load/vec4 v0x7f896fc49d20_0;
    %addi 1, 0, 5;
    %assign/vec4 v0x7f896fc49d20_0, 0;
    %load/vec4 v0x7f896fc49d20_0;
    %cmpi/e 5, 0, 5;
    %jmp/0xz  T_8.0, 4;
    %pushi/vec4 1, 0, 1;
    %assign/vec4 v0x7f896fc49ff0_0, 0;
    %pushi/vec4 0, 0, 5;
    %assign/vec4 v0x7f896fc49d20_0, 0;
T_8.0 ;
    %load/vec4 v0x7f896fc4a090_0;
    %cmpi/e 1, 0, 1;
    %jmp/0xz  T_8.2, 4;
    %load/vec4 v0x7f896fc49dc0_0;
    %addi 1, 0, 5;
    %assign/vec4 v0x7f896fc49dc0_0, 0;
T_8.2 ;
    %load/vec4 v0x7f896fc49dc0_0;
    %cmpi/e 9, 0, 5;
    %jmp/0xz  T_8.4, 4;
    %pushi/vec4 1, 0, 1;
    %assign/vec4 v0x7f896fc49e70_0, 0;
    %pushi/vec4 0, 0, 5;
    %assign/vec4 v0x7f896fc49dc0_0, 0;
T_8.4 ;
    %load/vec4 v0x7f896fc4a130_0;
    %dup/vec4;
    %pushi/vec4 0, 0, 4;
    %cmp/u;
    %jmp/1 T_8.6, 6;
    %dup/vec4;
    %pushi/vec4 1, 0, 4;
    %cmp/u;
    %jmp/1 T_8.7, 6;
    %dup/vec4;
    %pushi/vec4 2, 0, 4;
    %cmp/u;
    %jmp/1 T_8.8, 6;
    %dup/vec4;
    %pushi/vec4 3, 0, 4;
    %cmp/u;
    %jmp/1 T_8.9, 6;
    %dup/vec4;
    %pushi/vec4 4, 0, 4;
    %cmp/u;
    %jmp/1 T_8.10, 6;
    %dup/vec4;
    %pushi/vec4 5, 0, 4;
    %cmp/u;
    %jmp/1 T_8.11, 6;
    %dup/vec4;
    %pushi/vec4 6, 0, 4;
    %cmp/u;
    %jmp/1 T_8.12, 6;
    %dup/vec4;
    %pushi/vec4 7, 0, 4;
    %cmp/u;
    %jmp/1 T_8.13, 6;
    %pushi/vec4 0, 0, 4;
    %assign/vec4 v0x7f896fc4a130_0, 0;
    %pushi/vec4 0, 0, 1;
    %assign/vec4 v0x7f896fc49ff0_0, 0;
    %pushi/vec4 0, 0, 1;
    %assign/vec4 v0x7f896fc49e70_0, 0;
    %pushi/vec4 0, 0, 5;
    %assign/vec4 v0x7f896fc49d20_0, 0;
    %pushi/vec4 0, 0, 5;
    %assign/vec4 v0x7f896fc49dc0_0, 0;
    %pushi/vec4 0, 0, 1;
    %assign/vec4 v0x7f896fc4a090_0, 0;
    %jmp T_8.15;
T_8.6 ;
    %pushi/vec4 0, 0, 1;
    %assign/vec4 v0x7f896fc49f10_0, 0;
    %load/vec4 v0x7f896fc49ff0_0;
    %cmpi/e 0, 0, 1;
    %jmp/0xz  T_8.16, 4;
    %pushi/vec4 1, 0, 4;
    %assign/vec4 v0x7f896fc4a130_0, 0;
    %jmp T_8.17;
T_8.16 ;
    %pushi/vec4 3, 0, 4;
    %assign/vec4 v0x7f896fc4a130_0, 0;
T_8.17 ;
    %jmp T_8.15;
T_8.7 ;
    %pushi/vec4 1, 0, 1;
    %assign/vec4 v0x7f896fc49f10_0, 0;
    %load/vec4 v0x7f896fc49ff0_0;
    %cmpi/e 0, 0, 1;
    %jmp/0xz  T_8.18, 4;
    %pushi/vec4 0, 0, 4;
    %assign/vec4 v0x7f896fc4a130_0, 0;
    %jmp T_8.19;
T_8.18 ;
    %load/vec4 v0x7f896fc49e70_0;
    %cmpi/e 0, 0, 1;
    %jmp/0xz  T_8.20, 4;
    %pushi/vec4 5, 0, 4;
    %assign/vec4 v0x7f896fc4a130_0, 0;
    %pushi/vec4 0, 0, 5;
    %assign/vec4 v0x7f896fc49d20_0, 0;
    %pushi/vec4 1, 0, 1;
    %assign/vec4 v0x7f896fc4a090_0, 0;
T_8.20 ;
T_8.19 ;
    %jmp T_8.15;
T_8.8 ;
    %pushi/vec4 0, 0, 1;
    %assign/vec4 v0x7f896fc49f10_0, 0;
    %pushi/vec4 0, 0, 4;
    %assign/vec4 v0x7f896fc4a130_0, 0;
    %jmp T_8.15;
T_8.9 ;
    %pushi/vec4 0, 0, 1;
    %assign/vec4 v0x7f896fc49f10_0, 0;
    %pushi/vec4 4, 0, 4;
    %assign/vec4 v0x7f896fc4a130_0, 0;
    %pushi/vec4 0, 0, 1;
    %assign/vec4 v0x7f896fc49e70_0, 0;
    %jmp T_8.15;
T_8.10 ;
    %pushi/vec4 0, 0, 1;
    %assign/vec4 v0x7f896fc49f10_0, 0;
    %load/vec4 v0x7f896fc49e70_0;
    %cmpi/e 0, 0, 1;
    %jmp/0xz  T_8.22, 4;
    %pushi/vec4 1, 0, 4;
    %assign/vec4 v0x7f896fc4a130_0, 0;
    %jmp T_8.23;
T_8.22 ;
    %pushi/vec4 0, 0, 4;
    %assign/vec4 v0x7f896fc4a130_0, 0;
    %pushi/vec4 0, 0, 1;
    %assign/vec4 v0x7f896fc49ff0_0, 0;
T_8.23 ;
    %jmp T_8.15;
T_8.11 ;
    %pushi/vec4 1, 0, 1;
    %assign/vec4 v0x7f896fc49f10_0, 0;
    %pushi/vec4 6, 0, 4;
    %assign/vec4 v0x7f896fc4a130_0, 0;
    %jmp T_8.15;
T_8.12 ;
    %pushi/vec4 1, 0, 1;
    %assign/vec4 v0x7f896fc49f10_0, 0;
    %pushi/vec4 7, 0, 4;
    %assign/vec4 v0x7f896fc4a130_0, 0;
    %jmp T_8.15;
T_8.13 ;
    %pushi/vec4 0, 0, 1;
    %assign/vec4 v0x7f896fc49f10_0, 0;
    %load/vec4 v0x7f896fc49e70_0;
    %cmpi/e 0, 0, 1;
    %jmp/0xz  T_8.24, 4;
    %pushi/vec4 1, 0, 4;
    %assign/vec4 v0x7f896fc4a130_0, 0;
    %jmp T_8.25;
T_8.24 ;
    %pushi/vec4 4, 0, 4;
    %assign/vec4 v0x7f896fc4a130_0, 0;
    %pushi/vec4 0, 0, 1;
    %assign/vec4 v0x7f896fc4a090_0, 0;
    %pushi/vec4 5, 0, 5;
    %assign/vec4 v0x7f896fc49d20_0, 0;
T_8.25 ;
    %jmp T_8.15;
T_8.15 ;
    %pop/vec4 1;
    %jmp T_8;
    .thread T_8;
# The file index is used to find the file name in the following table.
:file_names 7;
    "N/A";
    "<interactive>";
    "sos_detector_tb.v";
    "./sos_driver_test.v";
    "./sos_detector.v";
    "./dash_dot.v";
    "./sos_driver.v";
